<?xml version="1.0" encoding="UTF-8"?>
<!-- Generated by org.testng.reporters.JUnitReportReporter -->
<testsuite hostname="JOBITO" failures="0" tests="3" name="Base.MathOPerations" time="0.016" errors="0" timestamp="25 Dec 2024 03:20:25 GMT">
  <testcase classname="Base.MathOPerations" name="abc" time="0.014"/>
  <testcase classname="Base.MathOPerations" name="postConditino" time="0.001"/>
  <testcase classname="Base.MathOPerations" name="xyz" time="0.001"/>
</testsuite> <!-- Base.MathOPerations -->
