<?xml version="1.0" encoding="UTF-8"?>
<!-- Generated by org.testng.reporters.JUnitReportReporter -->
<testsuite hostname="JOBITO" failures="0" tests="4" name="tests.LoginTest" time="14.506" errors="0" timestamp="7 May 2025 01:26:05 GMT">
  <testcase classname="tests.LoginTest" name="tc3Login" time="3.072"/>
  <testcase classname="tests.LoginTest" name="abc" time="5.025"/>
  <testcase classname="tests.LoginTest" name="tc2Login" time="3.166"/>
  <testcase classname="tests.LoginTest" name="tc1Login" time="3.243"/>
</testsuite> <!-- tests.LoginTest -->
