<?xml version="1.0" encoding="UTF-8"?>
<!-- Generated by org.testng.reporters.JUnitReportReporter -->
<testsuite hostname="JOBITO" failures="0" tests="1" name="tests.SignUpPageTest" time="0.188" errors="0" timestamp="17 May 2023 02:28:50 GMT">
  <testcase classname="tests.SignUpPageTest" name="validatePage" time="0.188"/>
</testsuite> <!-- tests.SignUpPageTest -->
